<?xml version="1.0" encoding="UTF-8"?>
<!-- Generated by org.testng.reporters.JUnitReportReporter -->
<testsuite hostname="localhost" name="com.test.automation.uiAutomation.homepage.TC_001_VerifyLoginWithInvalidCredentails" tests="1" failures="0" timestamp="21 Feb 2018 08:57:53 GMT" time="20.905" errors="0">
  <testcase name="verifyLoginWithInvalidCredentails" time="20.905" classname="com.test.automation.uiAutomation.homepage.TC_001_VerifyLoginWithInvalidCredentails"/>
</testsuite> <!-- com.test.automation.uiAutomation.homepage.TC_001_VerifyLoginWithInvalidCredentails -->
