<?xml version="1.0" encoding="UTF-8"?>
<!-- Generated by org.testng.reporters.JUnitReportReporter -->
<testsuite hostname="DESKTOP-T59LTLF" name="com.test.automation.uiAutomation.homepage.TC_001_VerifyLoginWithInvalidCredentails" tests="1" failures="0" timestamp="20 Feb 2018 17:46:49 GMT" time="23.998" errors="0">
  <testcase name="verifyLoginWithInvalidCredentails" time="23.998" classname="com.test.automation.uiAutomation.homepage.TC_001_VerifyLoginWithInvalidCredentails"/>
</testsuite> <!-- com.test.automation.uiAutomation.homepage.TC_001_VerifyLoginWithInvalidCredentails -->
